============================= test session starts ==============================
platform linux -- Python 3.13.13, pytest-8.4.2, pluggy-1.6.0 -- /usr/local/bin/python
cachedir: .pytest_cache
rootdir: /home/user/brain_intelligence-main
configfile: pyproject.toml
plugins: anyio-4.14.0, asyncio-0.24.0
asyncio: mode=Mode.AUTO, default_loop_scope=function
collecting ... collected 24 items

tests/test_phase11_ui_router_contract.py::TestDigitalTwinContract::test_returns_envelope PASSED [  4%]
tests/test_phase11_ui_router_contract.py::TestDigitalTwinContract::test_data_matches_panel_shape PASSED [  8%]
tests/test_phase11_ui_router_contract.py::TestDigitalTwinContract::test_no_null_arrays PASSED [ 12%]
tests/test_phase11_ui_router_contract.py::TestDigitalTwinContract::test_horizon_query_param_honoured PASSED [ 16%]
tests/test_phase11_ui_router_contract.py::TestGraphRagContract::test_returns_envelope PASSED [ 20%]
tests/test_phase11_ui_router_contract.py::TestGraphRagContract::test_data_matches_panel_shape PASSED [ 25%]
tests/test_phase11_ui_router_contract.py::TestGraphRagContract::test_node_types_in_panel_vocabulary PASSED [ 29%]
tests/test_phase11_ui_router_contract.py::TestGraphRagContract::test_missing_query_field_handled PASSED [ 33%]
tests/test_phase11_ui_router_contract.py::TestExplainContract::test_returns_envelope PASSED [ 37%]
tests/test_phase11_ui_router_contract.py::TestExplainContract::test_features_sorted_by_abs_shap_value PASSED [ 41%]
tests/test_phase11_ui_router_contract.py::TestExplainContract::test_waterfall_and_force_plot_attachments PASSED [ 45%]
tests/test_phase11_ui_router_contract.py::TestExplainContract::test_method_query_param_accepted PASSED [ 50%]
tests/test_phase11_ui_router_contract.py::TestRecommendationsContract::test_returns_envelope PASSED [ 54%]
tests/test_phase11_ui_router_contract.py::TestRecommendationsContract::test_action_card_shape PASSED [ 58%]
tests/test_phase11_ui_router_contract.py::TestAgentChatContract::test_returns_envelope PASSED [ 62%]
tests/test_phase11_ui_router_contract.py::TestAgentChatContract::test_chat_message_matches_section_11 PASSED [ 66%]
tests/test_phase11_ui_router_contract.py::TestAgentChatContract::test_rejects_empty_messages PASSED [ 70%]
tests/test_phase11_ui_router_contract.py::TestAgentChatStreamContract::test_emits_ndjson_lines PASSED [ 75%]
tests/test_phase11_ui_router_contract.py::TestAgentChatStreamContract::test_first_event_is_heartbeat PASSED [ 79%]
tests/test_phase11_ui_router_contract.py::TestCorsCheckContract::test_returns_cors_status PASSED [ 83%]
tests/test_phase11_ui_router_contract.py::TestPreflightContract::test_options_returns_cors_headers PASSED [ 87%]
tests/test_phase11_ui_router_contract.py::TestContractsManifest::test_lists_every_endpoint PASSED [ 91%]
tests/test_phase11_ui_router_contract.py::TestContractsManifest::test_phase_identified PASSED [ 95%]
tests/test_phase11_ui_router_contract.py::TestRouterMounting::test_all_paths_in_openapi PASSED [100%]

=============================== warnings summary ===============================
../../../usr/local/lib/python3.13/site-packages/pydantic/_internal/_fields.py:132
  /usr/local/lib/python3.13/site-packages/pydantic/_internal/_fields.py:132: UserWarning: Field "model_name" in RulEstimate has conflict with protected namespace "model_".
  
  You may be able to resolve this warning by setting `model_config['protected_namespaces'] = ()`.
    warnings.warn(

../../../usr/local/lib/python3.13/site-packages/pydantic/_internal/_fields.py:132
  /usr/local/lib/python3.13/site-packages/pydantic/_internal/_fields.py:132: UserWarning: Field "model_version" in RulEstimate has conflict with protected namespace "model_".
  
  You may be able to resolve this warning by setting `model_config['protected_namespaces'] = ()`.
    warnings.warn(

../../../usr/local/lib/python3.13/site-packages/pydantic/_internal/_fields.py:132
  /usr/local/lib/python3.13/site-packages/pydantic/_internal/_fields.py:132: UserWarning: Field "model_name" in FailureProbability has conflict with protected namespace "model_".
  
  You may be able to resolve this warning by setting `model_config['protected_namespaces'] = ()`.
    warnings.warn(

../../../usr/local/lib/python3.13/site-packages/pydantic/_internal/_fields.py:132
  /usr/local/lib/python3.13/site-packages/pydantic/_internal/_fields.py:132: UserWarning: Field "model_version" in FailureProbability has conflict with protected namespace "model_".
  
  You may be able to resolve this warning by setting `model_config['protected_namespaces'] = ()`.
    warnings.warn(

tests/test_phase11_ui_router_contract.py: 16 warnings
  /usr/local/lib/python3.13/site-packages/pydantic/main.py:212: DeprecationWarning: datetime.datetime.utcnow() is deprecated and scheduled for removal in a future version. Use timezone-aware objects to represent datetimes in UTC: datetime.datetime.now(datetime.UTC).
    validated_self = self.__pydantic_validator__.validate_python(data, self_instance=self)

-- Docs: https://docs.pytest.org/en/stable/how-to/capture-warnings.html
======================= 24 passed, 20 warnings in 1.66s ========================
